<?xml version="1.0" encoding="UTF-8"?>
<!-- Generated by org.testng.reporters.JUnitReportReporter -->
<testsuite hostname="LAPTOP-L19BSF30" failures="0" tests="1" name="testScript.AdminUserTest" time="6.790" errors="0" timestamp="2025-10-09T23:39:11 IST" skipped="0">
  <testcase classname="testScript.AdminUserTest" name="userisAbleToReset" time="6.790"/>
</testsuite> <!-- testScript.AdminUserTest -->
